#
# There is insufficient memory for the Java Runtime Environment to continue.
# Native memory allocation (malloc) failed to allocate 1208496 bytes. Error detail: Chunk::new
# Possible reasons:
#   The system is out of physical RAM or swap space
#   This process is running with CompressedOops enabled, and the Java Heap may be blocking the growth of the native heap
# Possible solutions:
#   Reduce memory load on the system
#   Increase physical memory or swap space
#   Check if swap backing store is full
#   Decrease Java heap size (-Xmx/-Xms)
#   Decrease number of Java threads
#   Decrease Java thread stack sizes (-Xss)
#   Set larger code cache with -XX:ReservedCodeCacheSize=
#   JVM is running with Zero Based Compressed Oops mode in which the Java heap is
#     placed in the first 32GB address space. The Java Heap base address is the
#     maximum limit for the native heap growth. Please use -XX:HeapBaseMinAddress
#     to set the Java Heap base and to place the Java Heap above 32GB virtual address.
# This output file may be truncated or incomplete.
#
#  Out of Memory Error (arena.cpp:150), pid=55280, tid=42516
#
# JRE version: Java(TM) SE Runtime Environment (22.0+36) (build 22+36-2370)
# Java VM: Java HotSpot(TM) 64-Bit Server VM (22+36-2370, mixed mode, sharing, tiered, compressed oops, compressed class ptrs, g1 gc, windows-amd64)
# No core dump will be written. Minidumps are not enabled by default on client versions of Windows
#

---------------  S U M M A R Y ------------

Command Line: --add-modules=ALL-DEFAULT jdk.compiler/com.sun.tools.javac.launcher.SourceLauncher .\ag-tools\src\main\java\riss\resilience\controller\RunAG.java HightLevel

Host: 11th Gen Intel(R) Core(TM) i7-1185G7 @ 3.00GHz, 8 cores, 15G,  Windows 11 , 64 bit Build 22621 (10.0.22621.3527)
Time: Tue May 28 16:20:54 2024 GMT Summer Time elapsed time: 1.124584 seconds (0d 0h 0m 1s)

---------------  T H R E A D  ---------------

Current thread (0x0000023996b23050):  JavaThread "C2 CompilerThread0" daemon [_thread_in_native, id=42516, stack(0x0000008f26800000,0x0000008f26900000) (1024K)]


Current CompileTask:
C2:1124 1798   !   4       com.sun.tools.javac.jvm.ClassReader::classSigToType (482 bytes)

Stack: [0x0000008f26800000,0x0000008f26900000]
Native frames: (J=compiled Java code, j=interpreted, Vv=VM code, C=native code)
V  [jvm.dll+0x6e2349]  (no source info available)
V  [jvm.dll+0x874ed3]  (no source info available)
V  [jvm.dll+0x8772fe]  (no source info available)
V  [jvm.dll+0x8779d3]  (no source info available)
V  [jvm.dll+0x27fcb6]  (no source info available)
V  [jvm.dll+0xc3d0f]  (no source info available)
V  [jvm.dll+0xc3f6b]  (no source info available)
V  [jvm.dll+0x3bb022]  (no source info available)
V  [jvm.dll+0x1df66c]  (no source info available)
V  [jvm.dll+0x247a4c]  (no source info available)
V  [jvm.dll+0x246faf]  (no source info available)
V  [jvm.dll+0x1c4e90]  (no source info available)
V  [jvm.dll+0x25699e]  (no source info available)
V  [jvm.dll+0x254c5a]  (no source info available)
V  [jvm.dll+0x3f5426]  (no source info available)
V  [jvm.dll+0x81d50b]  (no source info available)
V  [jvm.dll+0x6e09e5]  (no source info available)
C  [ucrtbase.dll+0x29333]  (no source info available)
C  [KERNEL32.DLL+0x1257d]  (no source info available)
C  [ntdll.dll+0x5aa48]  (no source info available)


---------------  P R O C E S S  ---------------

Threads class SMR info:
_java_thread_list=0x00000239dc636e20, length=13, elements={
0x00000239f7af95b0, 0x0000023996b13020, 0x0000023996b13d40, 0x0000023996b15c70,
0x0000023996b20870, 0x0000023996b24070, 0x0000023996b200b0, 0x0000023996b23050,
0x0000023996b2a000, 0x0000023996ae0830, 0x00000239dc1c9970, 0x00000239dc6d2880,
0x00000239dcb06c20
}

Java Threads: ( => current thread )
  0x00000239f7af95b0 JavaThread "main"                              [_thread_in_vm, id=41020, stack(0x0000008f25a00000,0x0000008f25b00000) (1024K)]
  0x0000023996b13020 JavaThread "Reference Handler"          daemon [_thread_blocked, id=40688, stack(0x0000008f26200000,0x0000008f26300000) (1024K)]
  0x0000023996b13d40 JavaThread "Finalizer"                  daemon [_thread_blocked, id=35480, stack(0x0000008f26300000,0x0000008f26400000) (1024K)]
  0x0000023996b15c70 JavaThread "Signal Dispatcher"          daemon [_thread_blocked, id=26632, stack(0x0000008f26400000,0x0000008f26500000) (1024K)]
  0x0000023996b20870 JavaThread "Attach Listener"            daemon [_thread_blocked, id=44092, stack(0x0000008f26500000,0x0000008f26600000) (1024K)]
  0x0000023996b24070 JavaThread "Service Thread"             daemon [_thread_blocked, id=40496, stack(0x0000008f26600000,0x0000008f26700000) (1024K)]
  0x0000023996b200b0 JavaThread "Monitor Deflation Thread"   daemon [_thread_blocked, id=66036, stack(0x0000008f26700000,0x0000008f26800000) (1024K)]
=>0x0000023996b23050 JavaThread "C2 CompilerThread0"         daemon [_thread_in_native, id=42516, stack(0x0000008f26800000,0x0000008f26900000) (1024K)]
  0x0000023996b2a000 JavaThread "C1 CompilerThread0"         daemon [_thread_in_native, id=32788, stack(0x0000008f26900000,0x0000008f26a00000) (1024K)]
  0x0000023996ae0830 JavaThread "Common-Cleaner"             daemon [_thread_blocked, id=43676, stack(0x0000008f26a00000,0x0000008f26b00000) (1024K)]
  0x00000239dc1c9970 JavaThread "Notification Thread"        daemon [_thread_blocked, id=46276, stack(0x0000008f26b00000,0x0000008f26c00000) (1024K)]
  0x00000239dc6d2880 JavaThread "C2 CompilerThread1"         daemon [_thread_in_native, id=29144, stack(0x0000008f26c00000,0x0000008f26d00000) (1024K)]
  0x00000239dcb06c20 JavaThread "C2 CompilerThread2"         daemon [_thread_in_native, id=35648, stack(0x0000008f26d00000,0x0000008f26e00000) (1024K)]
Total: 13

Other Threads:
  0x0000023996af7a90 VMThread "VM Thread"                           [id=36180, stack(0x0000008f26100000,0x0000008f26200000) (1024K)]
  0x0000023996adf6b0 WatcherThread "VM Periodic Task Thread"        [id=37120, stack(0x0000008f26000000,0x0000008f26100000) (1024K)]
  0x00000239f7b607c0 WorkerThread "GC Thread#0"                     [id=61524, stack(0x0000008f25b00000,0x0000008f25c00000) (1024K)]
  0x00000239dd048640 WorkerThread "GC Thread#1"                     [id=41100, stack(0x0000008f26e00000,0x0000008f26f00000) (1024K)]
  0x00000239dd3d40c0 WorkerThread "GC Thread#2"                     [id=45996, stack(0x0000008f26f00000,0x0000008f27000000) (1024K)]
  0x00000239dd3d4470 WorkerThread "GC Thread#3"                     [id=38508, stack(0x0000008f27000000,0x0000008f27100000) (1024K)]
  0x00000239dcc787a0 WorkerThread "GC Thread#4"                     [id=62024, stack(0x0000008f27100000,0x0000008f27200000) (1024K)]
  0x00000239dcc78b50 WorkerThread "GC Thread#5"                     [id=16036, stack(0x0000008f27200000,0x0000008f27300000) (1024K)]
  0x00000239dcf0d650 WorkerThread "GC Thread#6"                     [id=61640, stack(0x0000008f27300000,0x0000008f27400000) (1024K)]
  0x00000239f7b72e90 ConcurrentGCThread "G1 Main Marker"            [id=59924, stack(0x0000008f25c00000,0x0000008f25d00000) (1024K)]
  0x00000239f7b73a50 WorkerThread "G1 Conc#0"                       [id=43248, stack(0x0000008f25d00000,0x0000008f25e00000) (1024K)]
  0x00000239969b41a0 ConcurrentGCThread "G1 Refine#0"               [id=46112, stack(0x0000008f25e00000,0x0000008f25f00000) (1024K)]
  0x00000239969b4b30 ConcurrentGCThread "G1 Service"                [id=40676, stack(0x0000008f25f00000,0x0000008f26000000) (1024K)]
Total: 13

Threads with active compile tasks:
C2 CompilerThread0  1234 1798   !   4       com.sun.tools.javac.jvm.ClassReader::classSigToType (482 bytes)
C1 CompilerThread0  1234 2509       3       com.sun.tools.javac.comp.Resolve::findMethod (549 bytes)
C2 CompilerThread1  1234 2262       4       com.sun.tools.javac.code.Symtab::enterClass (71 bytes)
C2 CompilerThread2  1235 2499       4       com.sun.tools.javac.util.List::map (92 bytes)
Total: 4

VM state: not at safepoint (normal execution)

VM Mutex/Monitor currently owned by a thread: None

Heap address: 0x0000000704400000, size: 4028 MB, Compressed Oops mode: Zero based, Oop shift amount: 3

CDS archive(s) mapped at: [0x0000023997000000-0x0000023997c60000-0x0000023997c60000), size 12976128, SharedBaseAddress: 0x0000023997000000, ArchiveRelocationMode: 1.
Compressed class space mapped at: 0x0000023998000000-0x00000239d8000000, reserved size: 1073741824
Narrow klass base: 0x0000023997000000, Narrow klass shift: 0, Narrow klass range: 0x41000000

GC Precious Log:
 CardTable entry size: 512
 Card Set container configuration: InlinePtr #cards 4 size 8 Array Of Cards #cards 16 size 48 Howl #buckets 8 coarsen threshold 3686 Howl Bitmap #cards 512 size 80 coarsen threshold 460 Card regions per heap region 1 cards per card region 4096
 CPUs: 8 total, 8 available
 Memory: 16106M
 Large Page Support: Disabled
 NUMA Support: Disabled
 Compressed Oops: Enabled (Zero based)
 Heap Region Size: 2M
 Heap Min Capacity: 8M
 Heap Initial Capacity: 252M
 Heap Max Capacity: 4028M
 Pre-touch: Disabled
 Parallel Workers: 8
 Concurrent Workers: 2
 Concurrent Refinement Workers: 8
 Periodic GC: Disabled

Heap:
 garbage-first heap   total reserved 4124672K, committed 258048K, used 30686K [0x0000000704400000, 0x0000000800000000)
  region size 2048K, 15 young (30720K), 2 survivors (4096K)
 Metaspace       used 11625K, committed 11904K, reserved 1114112K
  class space    used 1352K, committed 1472K, reserved 1048576K

Heap Regions: E=young(eden), S=young(survivor), O=old, HS=humongous(starts), HC=humongous(continues), CS=collection set, F=free, TAMS=top-at-mark-start, PB=parsable bottom
|   0|0x0000000704400000, 0x00000007045f7948, 0x0000000704600000| 98%| O|  |TAMS 0x0000000704400000| PB 0x0000000704400000| Untracked |  0
|   1|0x0000000704600000, 0x0000000704600000, 0x0000000704800000|  0%| F|  |TAMS 0x0000000704600000| PB 0x0000000704600000| Untracked |  0
|   2|0x0000000704800000, 0x0000000704800000, 0x0000000704a00000|  0%| F|  |TAMS 0x0000000704800000| PB 0x0000000704800000| Untracked |  0
|   3|0x0000000704a00000, 0x0000000704a00000, 0x0000000704c00000|  0%| F|  |TAMS 0x0000000704a00000| PB 0x0000000704a00000| Untracked |  0
|   4|0x0000000704c00000, 0x0000000704c00000, 0x0000000704e00000|  0%| F|  |TAMS 0x0000000704c00000| PB 0x0000000704c00000| Untracked |  0
|   5|0x0000000704e00000, 0x0000000704e00000, 0x0000000705000000|  0%| F|  |TAMS 0x0000000704e00000| PB 0x0000000704e00000| Untracked |  0
|   6|0x0000000705000000, 0x0000000705000000, 0x0000000705200000|  0%| F|  |TAMS 0x0000000705000000| PB 0x0000000705000000| Untracked |  0
|   7|0x0000000705200000, 0x0000000705200000, 0x0000000705400000|  0%| F|  |TAMS 0x0000000705200000| PB 0x0000000705200000| Untracked |  0
|   8|0x0000000705400000, 0x0000000705400000, 0x0000000705600000|  0%| F|  |TAMS 0x0000000705400000| PB 0x0000000705400000| Untracked |  0
|   9|0x0000000705600000, 0x0000000705600000, 0x0000000705800000|  0%| F|  |TAMS 0x0000000705600000| PB 0x0000000705600000| Untracked |  0
|  10|0x0000000705800000, 0x0000000705800000, 0x0000000705a00000|  0%| F|  |TAMS 0x0000000705800000| PB 0x0000000705800000| Untracked |  0
|  11|0x0000000705a00000, 0x0000000705a00000, 0x0000000705c00000|  0%| F|  |TAMS 0x0000000705a00000| PB 0x0000000705a00000| Untracked |  0
|  12|0x0000000705c00000, 0x0000000705c00000, 0x0000000705e00000|  0%| F|  |TAMS 0x0000000705c00000| PB 0x0000000705c00000| Untracked |  0
|  13|0x0000000705e00000, 0x0000000705e00000, 0x0000000706000000|  0%| F|  |TAMS 0x0000000705e00000| PB 0x0000000705e00000| Untracked |  0
|  14|0x0000000706000000, 0x0000000706000000, 0x0000000706200000|  0%| F|  |TAMS 0x0000000706000000| PB 0x0000000706000000| Untracked |  0
|  15|0x0000000706200000, 0x0000000706200000, 0x0000000706400000|  0%| F|  |TAMS 0x0000000706200000| PB 0x0000000706200000| Untracked |  0
|  16|0x0000000706400000, 0x0000000706400000, 0x0000000706600000|  0%| F|  |TAMS 0x0000000706400000| PB 0x0000000706400000| Untracked |  0
|  17|0x0000000706600000, 0x0000000706600000, 0x0000000706800000|  0%| F|  |TAMS 0x0000000706600000| PB 0x0000000706600000| Untracked |  0
|  18|0x0000000706800000, 0x0000000706800000, 0x0000000706a00000|  0%| F|  |TAMS 0x0000000706800000| PB 0x0000000706800000| Untracked |  0
|  19|0x0000000706a00000, 0x0000000706a00000, 0x0000000706c00000|  0%| F|  |TAMS 0x0000000706a00000| PB 0x0000000706a00000| Untracked |  0
|  20|0x0000000706c00000, 0x0000000706c00000, 0x0000000706e00000|  0%| F|  |TAMS 0x0000000706c00000| PB 0x0000000706c00000| Untracked |  0
|  21|0x0000000706e00000, 0x0000000706e00000, 0x0000000707000000|  0%| F|  |TAMS 0x0000000706e00000| PB 0x0000000706e00000| Untracked |  0
|  22|0x0000000707000000, 0x0000000707000000, 0x0000000707200000|  0%| F|  |TAMS 0x0000000707000000| PB 0x0000000707000000| Untracked |  0
|  23|0x0000000707200000, 0x0000000707200000, 0x0000000707400000|  0%| F|  |TAMS 0x0000000707200000| PB 0x0000000707200000| Untracked |  0
|  24|0x0000000707400000, 0x0000000707400000, 0x0000000707600000|  0%| F|  |TAMS 0x0000000707400000| PB 0x0000000707400000| Untracked |  0
|  25|0x0000000707600000, 0x0000000707600000, 0x0000000707800000|  0%| F|  |TAMS 0x0000000707600000| PB 0x0000000707600000| Untracked |  0
|  26|0x0000000707800000, 0x0000000707800000, 0x0000000707a00000|  0%| F|  |TAMS 0x0000000707800000| PB 0x0000000707800000| Untracked |  0
|  27|0x0000000707a00000, 0x0000000707a00000, 0x0000000707c00000|  0%| F|  |TAMS 0x0000000707a00000| PB 0x0000000707a00000| Untracked |  0
|  28|0x0000000707c00000, 0x0000000707c00000, 0x0000000707e00000|  0%| F|  |TAMS 0x0000000707c00000| PB 0x0000000707c00000| Untracked |  0
|  29|0x0000000707e00000, 0x0000000707e00000, 0x0000000708000000|  0%| F|  |TAMS 0x0000000707e00000| PB 0x0000000707e00000| Untracked |  0
|  30|0x0000000708000000, 0x0000000708000000, 0x0000000708200000|  0%| F|  |TAMS 0x0000000708000000| PB 0x0000000708000000| Untracked |  0
|  31|0x0000000708200000, 0x0000000708200000, 0x0000000708400000|  0%| F|  |TAMS 0x0000000708200000| PB 0x0000000708200000| Untracked |  0
|  32|0x0000000708400000, 0x0000000708400000, 0x0000000708600000|  0%| F|  |TAMS 0x0000000708400000| PB 0x0000000708400000| Untracked |  0
|  33|0x0000000708600000, 0x0000000708600000, 0x0000000708800000|  0%| F|  |TAMS 0x0000000708600000| PB 0x0000000708600000| Untracked |  0
|  34|0x0000000708800000, 0x0000000708800000, 0x0000000708a00000|  0%| F|  |TAMS 0x0000000708800000| PB 0x0000000708800000| Untracked |  0
|  35|0x0000000708a00000, 0x0000000708a00000, 0x0000000708c00000|  0%| F|  |TAMS 0x0000000708a00000| PB 0x0000000708a00000| Untracked |  0
|  36|0x0000000708c00000, 0x0000000708c00000, 0x0000000708e00000|  0%| F|  |TAMS 0x0000000708c00000| PB 0x0000000708c00000| Untracked |  0
|  37|0x0000000708e00000, 0x0000000708e00000, 0x0000000709000000|  0%| F|  |TAMS 0x0000000708e00000| PB 0x0000000708e00000| Untracked |  0
|  38|0x0000000709000000, 0x0000000709000000, 0x0000000709200000|  0%| F|  |TAMS 0x0000000709000000| PB 0x0000000709000000| Untracked |  0
|  39|0x0000000709200000, 0x0000000709200000, 0x0000000709400000|  0%| F|  |TAMS 0x0000000709200000| PB 0x0000000709200000| Untracked |  0
|  40|0x0000000709400000, 0x0000000709400000, 0x0000000709600000|  0%| F|  |TAMS 0x0000000709400000| PB 0x0000000709400000| Untracked |  0
|  41|0x0000000709600000, 0x0000000709600000, 0x0000000709800000|  0%| F|  |TAMS 0x0000000709600000| PB 0x0000000709600000| Untracked |  0
|  42|0x0000000709800000, 0x0000000709800000, 0x0000000709a00000|  0%| F|  |TAMS 0x0000000709800000| PB 0x0000000709800000| Untracked |  0
|  43|0x0000000709a00000, 0x0000000709a00000, 0x0000000709c00000|  0%| F|  |TAMS 0x0000000709a00000| PB 0x0000000709a00000| Untracked |  0
|  44|0x0000000709c00000, 0x0000000709c00000, 0x0000000709e00000|  0%| F|  |TAMS 0x0000000709c00000| PB 0x0000000709c00000| Untracked |  0
|  45|0x0000000709e00000, 0x0000000709e00000, 0x000000070a000000|  0%| F|  |TAMS 0x0000000709e00000| PB 0x0000000709e00000| Untracked |  0
|  46|0x000000070a000000, 0x000000070a000000, 0x000000070a200000|  0%| F|  |TAMS 0x000000070a000000| PB 0x000000070a000000| Untracked |  0
|  47|0x000000070a200000, 0x000000070a200000, 0x000000070a400000|  0%| F|  |TAMS 0x000000070a200000| PB 0x000000070a200000| Untracked |  0
|  48|0x000000070a400000, 0x000000070a400000, 0x000000070a600000|  0%| F|  |TAMS 0x000000070a400000| PB 0x000000070a400000| Untracked |  0
|  49|0x000000070a600000, 0x000000070a600000, 0x000000070a800000|  0%| F|  |TAMS 0x000000070a600000| PB 0x000000070a600000| Untracked |  0
|  50|0x000000070a800000, 0x000000070a800000, 0x000000070aa00000|  0%| F|  |TAMS 0x000000070a800000| PB 0x000000070a800000| Untracked |  0
|  51|0x000000070aa00000, 0x000000070aa00000, 0x000000070ac00000|  0%| F|  |TAMS 0x000000070aa00000| PB 0x000000070aa00000| Untracked |  0
|  52|0x000000070ac00000, 0x000000070ac00000, 0x000000070ae00000|  0%| F|  |TAMS 0x000000070ac00000| PB 0x000000070ac00000| Untracked |  0
|  53|0x000000070ae00000, 0x000000070ae00000, 0x000000070b000000|  0%| F|  |TAMS 0x000000070ae00000| PB 0x000000070ae00000| Untracked |  0
|  54|0x000000070b000000, 0x000000070b000000, 0x000000070b200000|  0%| F|  |TAMS 0x000000070b000000| PB 0x000000070b000000| Untracked |  0
|  55|0x000000070b200000, 0x000000070b200000, 0x000000070b400000|  0%| F|  |TAMS 0x000000070b200000| PB 0x000000070b200000| Untracked |  0
|  56|0x000000070b400000, 0x000000070b400000, 0x000000070b600000|  0%| F|  |TAMS 0x000000070b400000| PB 0x000000070b400000| Untracked |  0
|  57|0x000000070b600000, 0x000000070b600000, 0x000000070b800000|  0%| F|  |TAMS 0x000000070b600000| PB 0x000000070b600000| Untracked |  0
|  58|0x000000070b800000, 0x000000070b800000, 0x000000070ba00000|  0%| F|  |TAMS 0x000000070b800000| PB 0x000000070b800000| Untracked |  0
|  59|0x000000070ba00000, 0x000000070ba00000, 0x000000070bc00000|  0%| F|  |TAMS 0x000000070ba00000| PB 0x000000070ba00000| Untracked |  0
|  60|0x000000070bc00000, 0x000000070bc00000, 0x000000070be00000|  0%| F|  |TAMS 0x000000070bc00000| PB 0x000000070bc00000| Untracked |  0
|  61|0x000000070be00000, 0x000000070be00000, 0x000000070c000000|  0%| F|  |TAMS 0x000000070be00000| PB 0x000000070be00000| Untracked |  0
|  62|0x000000070c000000, 0x000000070c000000, 0x000000070c200000|  0%| F|  |TAMS 0x000000070c000000| PB 0x000000070c000000| Untracked |  0
|  63|0x000000070c200000, 0x000000070c200000, 0x000000070c400000|  0%| F|  |TAMS 0x000000070c200000| PB 0x000000070c200000| Untracked |  0
|  64|0x000000070c400000, 0x000000070c400000, 0x000000070c600000|  0%| F|  |TAMS 0x000000070c400000| PB 0x000000070c400000| Untracked |  0
|  65|0x000000070c600000, 0x000000070c600000, 0x000000070c800000|  0%| F|  |TAMS 0x000000070c600000| PB 0x000000070c600000| Untracked |  0
|  66|0x000000070c800000, 0x000000070c800000, 0x000000070ca00000|  0%| F|  |TAMS 0x000000070c800000| PB 0x000000070c800000| Untracked |  0
|  67|0x000000070ca00000, 0x000000070ca00000, 0x000000070cc00000|  0%| F|  |TAMS 0x000000070ca00000| PB 0x000000070ca00000| Untracked |  0
|  68|0x000000070cc00000, 0x000000070cc00000, 0x000000070ce00000|  0%| F|  |TAMS 0x000000070cc00000| PB 0x000000070cc00000| Untracked |  0
|  69|0x000000070ce00000, 0x000000070ce00000, 0x000000070d000000|  0%| F|  |TAMS 0x000000070ce00000| PB 0x000000070ce00000| Untracked |  0
|  70|0x000000070d000000, 0x000000070d000000, 0x000000070d200000|  0%| F|  |TAMS 0x000000070d000000| PB 0x000000070d000000| Untracked |  0
|  71|0x000000070d200000, 0x000000070d200000, 0x000000070d400000|  0%| F|  |TAMS 0x000000070d200000| PB 0x000000070d200000| Untracked |  0
|  72|0x000000070d400000, 0x000000070d400000, 0x000000070d600000|  0%| F|  |TAMS 0x000000070d400000| PB 0x000000070d400000| Untracked |  0
|  73|0x000000070d600000, 0x000000070d600000, 0x000000070d800000|  0%| F|  |TAMS 0x000000070d600000| PB 0x000000070d600000| Untracked |  0
|  74|0x000000070d800000, 0x000000070d800000, 0x000000070da00000|  0%| F|  |TAMS 0x000000070d800000| PB 0x000000070d800000| Untracked |  0
|  75|0x000000070da00000, 0x000000070da00000, 0x000000070dc00000|  0%| F|  |TAMS 0x000000070da00000| PB 0x000000070da00000| Untracked |  0
|  76|0x000000070dc00000, 0x000000070dc00000, 0x000000070de00000|  0%| F|  |TAMS 0x000000070dc00000| PB 0x000000070dc00000| Untracked |  0
|  77|0x000000070de00000, 0x000000070de00000, 0x000000070e000000|  0%| F|  |TAMS 0x000000070de00000| PB 0x000000070de00000| Untracked |  0
|  78|0x000000070e000000, 0x000000070e000000, 0x000000070e200000|  0%| F|  |TAMS 0x000000070e000000| PB 0x000000070e000000| Untracked |  0
|  79|0x000000070e200000, 0x000000070e200000, 0x000000070e400000|  0%| F|  |TAMS 0x000000070e200000| PB 0x000000070e200000| Untracked |  0
|  80|0x000000070e400000, 0x000000070e400000, 0x000000070e600000|  0%| F|  |TAMS 0x000000070e400000| PB 0x000000070e400000| Untracked |  0
|  81|0x000000070e600000, 0x000000070e600000, 0x000000070e800000|  0%| F|  |TAMS 0x000000070e600000| PB 0x000000070e600000| Untracked |  0
|  82|0x000000070e800000, 0x000000070e800000, 0x000000070ea00000|  0%| F|  |TAMS 0x000000070e800000| PB 0x000000070e800000| Untracked |  0
|  83|0x000000070ea00000, 0x000000070ea00000, 0x000000070ec00000|  0%| F|  |TAMS 0x000000070ea00000| PB 0x000000070ea00000| Untracked |  0
|  84|0x000000070ec00000, 0x000000070ec00000, 0x000000070ee00000|  0%| F|  |TAMS 0x000000070ec00000| PB 0x000000070ec00000| Untracked |  0
|  85|0x000000070ee00000, 0x000000070ee00000, 0x000000070f000000|  0%| F|  |TAMS 0x000000070ee00000| PB 0x000000070ee00000| Untracked |  0
|  86|0x000000070f000000, 0x000000070f000000, 0x000000070f200000|  0%| F|  |TAMS 0x000000070f000000| PB 0x000000070f000000| Untracked |  0
|  87|0x000000070f200000, 0x000000070f200000, 0x000000070f400000|  0%| F|  |TAMS 0x000000070f200000| PB 0x000000070f200000| Untracked |  0
|  88|0x000000070f400000, 0x000000070f400000, 0x000000070f600000|  0%| F|  |TAMS 0x000000070f400000| PB 0x000000070f400000| Untracked |  0
|  89|0x000000070f600000, 0x000000070f600000, 0x000000070f800000|  0%| F|  |TAMS 0x000000070f600000| PB 0x000000070f600000| Untracked |  0
|  90|0x000000070f800000, 0x000000070f800000, 0x000000070fa00000|  0%| F|  |TAMS 0x000000070f800000| PB 0x000000070f800000| Untracked |  0
|  91|0x000000070fa00000, 0x000000070fa00000, 0x000000070fc00000|  0%| F|  |TAMS 0x000000070fa00000| PB 0x000000070fa00000| Untracked |  0
|  92|0x000000070fc00000, 0x000000070fc00000, 0x000000070fe00000|  0%| F|  |TAMS 0x000000070fc00000| PB 0x000000070fc00000| Untracked |  0
|  93|0x000000070fe00000, 0x000000070fe00000, 0x0000000710000000|  0%| F|  |TAMS 0x000000070fe00000| PB 0x000000070fe00000| Untracked |  0
|  94|0x0000000710000000, 0x0000000710000000, 0x0000000710200000|  0%| F|  |TAMS 0x0000000710000000| PB 0x0000000710000000| Untracked |  0
|  95|0x0000000710200000, 0x0000000710200000, 0x0000000710400000|  0%| F|  |TAMS 0x0000000710200000| PB 0x0000000710200000| Untracked |  0
|  96|0x0000000710400000, 0x0000000710400000, 0x0000000710600000|  0%| F|  |TAMS 0x0000000710400000| PB 0x0000000710400000| Untracked |  0
|  97|0x0000000710600000, 0x0000000710600000, 0x0000000710800000|  0%| F|  |TAMS 0x0000000710600000| PB 0x0000000710600000| Untracked |  0
|  98|0x0000000710800000, 0x0000000710800000, 0x0000000710a00000|  0%| F|  |TAMS 0x0000000710800000| PB 0x0000000710800000| Untracked |  0
|  99|0x0000000710a00000, 0x0000000710a00000, 0x0000000710c00000|  0%| F|  |TAMS 0x0000000710a00000| PB 0x0000000710a00000| Untracked |  0
| 100|0x0000000710c00000, 0x0000000710c00000, 0x0000000710e00000|  0%| F|  |TAMS 0x0000000710c00000| PB 0x0000000710c00000| Untracked |  0
| 101|0x0000000710e00000, 0x0000000710e00000, 0x0000000711000000|  0%| F|  |TAMS 0x0000000710e00000| PB 0x0000000710e00000| Untracked |  0
| 102|0x0000000711000000, 0x0000000711000000, 0x0000000711200000|  0%| F|  |TAMS 0x0000000711000000| PB 0x0000000711000000| Untracked |  0
| 103|0x0000000711200000, 0x0000000711200000, 0x0000000711400000|  0%| F|  |TAMS 0x0000000711200000| PB 0x0000000711200000| Untracked |  0
| 104|0x0000000711400000, 0x0000000711400000, 0x0000000711600000|  0%| F|  |TAMS 0x0000000711400000| PB 0x0000000711400000| Untracked |  0
| 105|0x0000000711600000, 0x0000000711600000, 0x0000000711800000|  0%| F|  |TAMS 0x0000000711600000| PB 0x0000000711600000| Untracked |  0
| 106|0x0000000711800000, 0x0000000711800000, 0x0000000711a00000|  0%| F|  |TAMS 0x0000000711800000| PB 0x0000000711800000| Untracked |  0
| 107|0x0000000711a00000, 0x0000000711a00000, 0x0000000711c00000|  0%| F|  |TAMS 0x0000000711a00000| PB 0x0000000711a00000| Untracked |  0
| 108|0x0000000711c00000, 0x0000000711c00000, 0x0000000711e00000|  0%| F|  |TAMS 0x0000000711c00000| PB 0x0000000711c00000| Untracked |  0
| 109|0x0000000711e00000, 0x0000000711e00000, 0x0000000712000000|  0%| F|  |TAMS 0x0000000711e00000| PB 0x0000000711e00000| Untracked |  0
| 110|0x0000000712000000, 0x0000000712000000, 0x0000000712200000|  0%| F|  |TAMS 0x0000000712000000| PB 0x0000000712000000| Untracked |  0
| 111|0x0000000712200000, 0x00000007122c4708, 0x0000000712400000| 38%| E|  |TAMS 0x0000000712200000| PB 0x0000000712200000| Complete |  0
| 112|0x0000000712400000, 0x0000000712600000, 0x0000000712600000|100%| S|CS|TAMS 0x0000000712400000| PB 0x0000000712400000| Complete |  0
| 113|0x0000000712600000, 0x0000000712800000, 0x0000000712800000|100%| S|CS|TAMS 0x0000000712600000| PB 0x0000000712600000| Complete |  0
| 114|0x0000000712800000, 0x0000000712a00000, 0x0000000712a00000|100%| E|CS|TAMS 0x0000000712800000| PB 0x0000000712800000| Complete |  0
| 115|0x0000000712a00000, 0x0000000712c00000, 0x0000000712c00000|100%| E|CS|TAMS 0x0000000712a00000| PB 0x0000000712a00000| Complete |  0
| 116|0x0000000712c00000, 0x0000000712e00000, 0x0000000712e00000|100%| E|CS|TAMS 0x0000000712c00000| PB 0x0000000712c00000| Complete |  0
| 117|0x0000000712e00000, 0x0000000713000000, 0x0000000713000000|100%| E|CS|TAMS 0x0000000712e00000| PB 0x0000000712e00000| Complete |  0
| 118|0x0000000713000000, 0x0000000713200000, 0x0000000713200000|100%| E|CS|TAMS 0x0000000713000000| PB 0x0000000713000000| Complete |  0
| 119|0x0000000713200000, 0x0000000713400000, 0x0000000713400000|100%| E|CS|TAMS 0x0000000713200000| PB 0x0000000713200000| Complete |  0
| 120|0x0000000713400000, 0x0000000713600000, 0x0000000713600000|100%| E|CS|TAMS 0x0000000713400000| PB 0x0000000713400000| Complete |  0
| 121|0x0000000713600000, 0x0000000713800000, 0x0000000713800000|100%| E|CS|TAMS 0x0000000713600000| PB 0x0000000713600000| Complete |  0
| 122|0x0000000713800000, 0x0000000713a00000, 0x0000000713a00000|100%| E|CS|TAMS 0x0000000713800000| PB 0x0000000713800000| Complete |  0
| 123|0x0000000713a00000, 0x0000000713c00000, 0x0000000713c00000|100%| E|CS|TAMS 0x0000000713a00000| PB 0x0000000713a00000| Complete |  0
| 124|0x0000000713c00000, 0x0000000713e00000, 0x0000000713e00000|100%| E|CS|TAMS 0x0000000713c00000| PB 0x0000000713c00000| Complete |  0
| 125|0x0000000713e00000, 0x0000000714000000, 0x0000000714000000|100%| E|CS|TAMS 0x0000000713e00000| PB 0x0000000713e00000| Complete |  0

Card table byte_map: [0x000002398fa00000,0x00000239901e0000] _byte_map_base: 0x000002398c1de000

Marking Bits: (CMBitMap*) 0x00000239f7b615e0
 Bits: [0x00000239901e0000, 0x00000239940d0000)

Polling page: 0x00000239f5a90000

Metaspace:

Usage:
  Non-class:     10.04 MB used.
      Class:      1.32 MB used.
       Both:     11.36 MB used.

Virtual space:
  Non-class space:       64.00 MB reserved,      10.19 MB ( 16%) committed,  1 nodes.
      Class space:        1.00 GB reserved,       1.44 MB ( <1%) committed,  1 nodes.
             Both:        1.06 GB reserved,      11.62 MB (  1%) committed. 

Chunk freelists:
   Non-Class:  4.22 MB
       Class:  14.58 MB
        Both:  18.80 MB

MaxMetaspaceSize: unlimited
CompressedClassSpaceSize: 1.00 GB
Initial GC threshold: 21.00 MB
Current GC threshold: 21.00 MB
CDS: on
 - commit_granule_bytes: 65536.
 - commit_granule_words: 8192.
 - virtual_space_node_default_size: 8388608.
 - enlarge_chunks_in_place: 1.
 - use_allocation_guard: 0.


Internal statistics:

num_allocs_failed_limit: 0.
num_arena_births: 174.
num_arena_deaths: 0.
num_vsnodes_births: 2.
num_vsnodes_deaths: 0.
num_space_committed: 186.
num_space_uncommitted: 0.
num_chunks_returned_to_freelist: 0.
num_chunks_taken_from_freelist: 576.
num_chunk_merges: 0.
num_chunk_splits: 395.
num_chunks_enlarged: 300.
num_inconsistent_stats: 0.

CodeHeap 'non-profiled nmethods': size=120000Kb used=883Kb max_used=883Kb free=119116Kb
 bounds [0x0000023987ad0000, 0x0000023987d40000, 0x000002398f000000]
CodeHeap 'profiled nmethods': size=120000Kb used=5299Kb max_used=5299Kb free=114700Kb
 bounds [0x0000023980000000, 0x0000023980530000, 0x0000023987530000]
CodeHeap 'non-nmethods': size=5760Kb used=1539Kb max_used=1583Kb free=4220Kb
 bounds [0x0000023987530000, 0x00000239877a0000, 0x0000023987ad0000]
 total_blobs=3010 nmethods=2521 adapters=393
 compilation: enabled
              stopped_count=0, restarted_count=0
 full_count=0

Compilation events (20 events):
Event: 1.111 Thread 0x0000023996b2a000 nmethod 2312 0x00000239804a8210 code [0x00000239804a83c0, 0x00000239804a8518]
Event: 1.111 Thread 0x0000023996b2a000 2313       3       java.util.RegularEnumSet$EnumSetIterator::next (60 bytes)
Event: 1.111 Thread 0x0000023996b2a000 nmethod 2313 0x00000239804a8610 code [0x00000239804a87e0, 0x00000239804a8a98]
Event: 1.111 Thread 0x0000023996b2a000 2316       3       com.sun.tools.javac.code.Types$5::visitClassType (366 bytes)
Event: 1.114 Thread 0x0000023996b2a000 nmethod 2316 0x00000239804a8c10 code [0x00000239804a9240, 0x00000239804acf68]
Event: 1.114 Thread 0x0000023996b2a000 2318       3       com.sun.tools.javac.code.Symbol$MethodSymbol::implementation (11 bytes)
Event: 1.114 Thread 0x0000023996b2a000 nmethod 2318 0x00000239804ade10 code [0x00000239804adfc0, 0x00000239804ae188]
Event: 1.114 Thread 0x0000023996b2a000 2315       3       com.sun.tools.javac.code.Type$StructuralTypeMapping$4::<init> (11 bytes)
Event: 1.115 Thread 0x0000023996b2a000 nmethod 2315 0x00000239804ae290 code [0x00000239804ae460, 0x00000239804ae9b0]
Event: 1.115 Thread 0x0000023996b2a000 2311       3       com.sun.tools.javac.comp.Resolve$MethodResolutionContext$Candidate::<init> (27 bytes)
Event: 1.115 Thread 0x0000023996b2a000 nmethod 2311 0x00000239804aeb90 code [0x00000239804aed40, 0x00000239804af038]
Event: 1.115 Thread 0x0000023996b2a000 2317       1       com.sun.tools.javac.code.Type$TypeVar::isCaptured (2 bytes)
Event: 1.115 Thread 0x0000023996b2a000 nmethod 2317 0x0000023987b9cb90 code [0x0000023987b9cd20, 0x0000023987b9cde8]
Event: 1.115 Thread 0x0000023996b2a000 2319       1       java.util.stream.FindOps$FindOp::getOpFlags (5 bytes)
Event: 1.115 Thread 0x0000023996b2a000 nmethod 2319 0x0000023987b9ce90 code [0x0000023987b9d020, 0x0000023987b9d0e8]
Event: 1.115 Thread 0x0000023996b2a000 2320       3       com.sun.tools.javac.code.Type$ClassType::contains (72 bytes)
Event: 1.117 Thread 0x0000023996b2a000 nmethod 2320 0x00000239804af110 code [0x00000239804af420, 0x00000239804b09d0]
Event: 1.117 Thread 0x0000023996b2a000 2321       3       java.util.JumboEnumSet::add (9 bytes)
Event: 1.117 Thread 0x0000023996b2a000 nmethod 2321 0x00000239804b0f10 code [0x00000239804b10c0, 0x00000239804b12d8]
Event: 1.117 Thread 0x0000023996b2a000 2325       3       com.sun.tools.javac.comp.Resolve::findMethodInScope (71 bytes)

GC Heap History (2 events):
Event: 0.698 GC heap before
{Heap before GC invocations=0 (full 0):
 garbage-first heap   total reserved 4124672K, committed 258048K, used 22528K [0x0000000704400000, 0x0000000800000000)
  region size 2048K, 12 young (24576K), 0 survivors (0K)
 Metaspace       used 9504K, committed 9728K, reserved 1114112K
  class space    used 1087K, committed 1216K, reserved 1048576K
}
Event: 0.704 GC heap after
{Heap after GC invocations=1 (full 0):
 garbage-first heap   total reserved 4124672K, committed 258048K, used 6110K [0x0000000704400000, 0x0000000800000000)
  region size 2048K, 2 young (4096K), 2 survivors (4096K)
 Metaspace       used 9504K, committed 9728K, reserved 1114112K
  class space    used 1087K, committed 1216K, reserved 1048576K
}

Dll operation events (6 events):
Event: 0.010 Loaded shared library C:\Program Files\Java\jdk-22\bin\java.dll
Event: 0.044 Loaded shared library C:\Program Files\Java\jdk-22\bin\jsvml.dll
Event: 0.082 Loaded shared library C:\Program Files\Java\jdk-22\bin\jimage.dll
Event: 0.087 Loaded shared library C:\Program Files\Java\jdk-22\bin\net.dll
Event: 0.089 Loaded shared library C:\Program Files\Java\jdk-22\bin\nio.dll
Event: 0.140 Loaded shared library C:\Program Files\Java\jdk-22\bin\zip.dll

Deoptimization events (20 events):
Event: 0.964 Thread 0x00000239f7af95b0 Uncommon trap: trap_request=0xffffff45 fr.pc=0x0000023987b8113c relative=0x0000000000000f7c
Event: 0.964 Thread 0x00000239f7af95b0 Uncommon trap: reason=unstable_if action=reinterpret pc=0x0000023987b8113c method=java.util.HashMap.putVal(ILjava/lang/Object;Ljava/lang/Object;ZZ)Ljava/lang/Object; @ 94 c2
Event: 0.964 Thread 0x00000239f7af95b0 DEOPT PACKING pc=0x0000023987b8113c sp=0x0000008f25afd030
Event: 0.964 Thread 0x00000239f7af95b0 DEOPT UNPACKING pc=0x0000023987587da2 sp=0x0000008f25afcfe8 mode 2
Event: 1.025 Thread 0x00000239f7af95b0 DEOPT PACKING pc=0x00000239803b5b44 sp=0x0000008f25afc9b0
Event: 1.025 Thread 0x00000239f7af95b0 DEOPT UNPACKING pc=0x00000239875888e2 sp=0x0000008f25afbef8 mode 0
Event: 1.025 Thread 0x00000239f7af95b0 DEOPT PACKING pc=0x00000239803ee5ec sp=0x0000008f25afcb10
Event: 1.025 Thread 0x00000239f7af95b0 DEOPT UNPACKING pc=0x00000239875888e2 sp=0x0000008f25afc040 mode 0
Event: 1.032 Thread 0x00000239f7af95b0 Uncommon trap: trap_request=0xffffff45 fr.pc=0x0000023987b8a08c relative=0x000000000000076c
Event: 1.032 Thread 0x00000239f7af95b0 Uncommon trap: reason=unstable_if action=reinterpret pc=0x0000023987b8a08c method=com.sun.tools.javac.jvm.ClassReader.sigToType()Lcom/sun/tools/javac/code/Type; @ 692 c2
Event: 1.032 Thread 0x00000239f7af95b0 DEOPT PACKING pc=0x0000023987b8a08c sp=0x0000008f25afc320
Event: 1.032 Thread 0x00000239f7af95b0 DEOPT UNPACKING pc=0x0000023987587da2 sp=0x0000008f25afc2b8 mode 2
Event: 1.059 Thread 0x00000239f7af95b0 Uncommon trap: trap_request=0xffffffbe fr.pc=0x0000023987b4b7c0 relative=0x0000000000000480
Event: 1.059 Thread 0x00000239f7af95b0 Uncommon trap: reason=profile_predicate action=maybe_recompile pc=0x0000023987b4b7c0 method=java.lang.StringLatin1.indexOf([BI[BII)I @ 18 c2
Event: 1.060 Thread 0x00000239f7af95b0 DEOPT PACKING pc=0x0000023987b4b7c0 sp=0x0000008f25afd670
Event: 1.060 Thread 0x00000239f7af95b0 DEOPT UNPACKING pc=0x0000023987587da2 sp=0x0000008f25afd5d0 mode 2
Event: 1.060 Thread 0x00000239f7af95b0 Uncommon trap: trap_request=0xffffffbe fr.pc=0x0000023987b45284 relative=0x0000000000000344
Event: 1.060 Thread 0x00000239f7af95b0 Uncommon trap: reason=profile_predicate action=maybe_recompile pc=0x0000023987b45284 method=java.lang.StringLatin1.indexOf([BI[BII)I @ 30 c2
Event: 1.062 Thread 0x00000239f7af95b0 DEOPT PACKING pc=0x0000023987b45284 sp=0x0000008f25afd650
Event: 1.062 Thread 0x00000239f7af95b0 DEOPT UNPACKING pc=0x0000023987587da2 sp=0x0000008f25afd5e0 mode 2

Classes loaded (20 events):
Event: 0.938 Loading class java/lang/invoke/MethodHandleImpl$Makers$2
Event: 0.939 Loading class java/lang/invoke/MethodHandleImpl$Makers$2 done
Event: 0.939 Loading class java/lang/invoke/MethodHandleImpl$Makers$3
Event: 0.939 Loading class java/lang/invoke/MethodHandleImpl$Makers$3 done
Event: 0.945 Loading class java/lang/runtime/ObjectMethods$1
Event: 0.945 Loading class java/lang/runtime/ObjectMethods$1 done
Event: 0.950 Loading class java/lang/invoke/DirectMethodHandle$1
Event: 0.950 Loading class java/lang/invoke/DirectMethodHandle$1 done
Event: 0.954 Loading class java/util/function/ToIntBiFunction
Event: 0.954 Loading class java/util/function/ToIntBiFunction done
Event: 1.005 Loading class java/util/EnumMap$EntrySet
Event: 1.006 Loading class java/util/EnumMap$EntrySet done
Event: 1.006 Loading class java/util/EnumMap$EntryIterator
Event: 1.006 Loading class java/util/EnumMap$EntryIterator done
Event: 1.006 Loading class java/util/EnumMap$EntryIterator$Entry
Event: 1.006 Loading class java/util/EnumMap$EntryIterator$Entry done
Event: 1.055 Loading class java/text/MessageFormat
Event: 1.056 Loading class java/text/MessageFormat done
Event: 1.057 Loading class java/text/MessageFormat$Field
Event: 1.057 Loading class java/text/MessageFormat$Field done

Classes unloaded (0 events):
No events

Classes redefined (0 events):
No events

Internal exceptions (20 events):
Event: 0.772 Thread 0x00000239f7af95b0 Exception <a 'sun/nio/fs/WindowsException'{0x00000007137fedf8}> (0x00000007137fedf8) 
thrown [s\open\src\hotspot\share\prims\jni.cpp, line 520]
Event: 0.774 Thread 0x00000239f7af95b0 Exception <a 'sun/nio/fs/WindowsException'{0x0000000713457038}> (0x0000000713457038) 
thrown [s\open\src\hotspot\share\prims\jni.cpp, line 520]
Event: 0.776 Thread 0x00000239f7af95b0 Exception <a 'sun/nio/fs/WindowsException'{0x00000007134be818}> (0x00000007134be818) 
thrown [s\open\src\hotspot\share\prims\jni.cpp, line 520]
Event: 0.787 Thread 0x00000239f7af95b0 Exception <a 'java/lang/NoSuchMethodError'{0x00000007135573d0}: 'void java.lang.invoke.DirectMethodHandle$Holder.invokeSpecial(java.lang.Object, java.lang.Object, java.lang.Object, java.lang.Object, java.lang.Object)'> (0x00000007135573d0) 
thrown [s\open\src\hotspot\share\interpreter\linkResolver.cpp, line 774]
Event: 0.825 Thread 0x00000239f7af95b0 Exception <a 'java/lang/NoSuchMethodError'{0x00000007133f9148}: 'int java.lang.invoke.DirectMethodHandle$Holder.invokeStatic(java.lang.Object, java.lang.Object, java.lang.Object, java.lang.Object)'> (0x00000007133f9148) 
thrown [s\open\src\hotspot\share\interpreter\linkResolver.cpp, line 774]
Event: 0.937 Thread 0x00000239f7af95b0 Exception <a 'java/lang/NoSuchMethodError'{0x0000000712c4c9b8}: 'java.lang.Object java.lang.invoke.DirectMethodHandle$Holder.invokeStaticInit(java.lang.Object, java.lang.Object, java.lang.Object, java.lang.Object, java.lang.Object, java.lang.Object, java.lang.Object)'> (0x0000000712c4c9b8) 
thrown [s\open\src\hotspot\share\interpreter\linkResolver.cpp, line 774]
Event: 0.938 Thread 0x00000239f7af95b0 Exception <a 'java/lang/NoSuchMethodError'{0x0000000712c557d0}: 'java.lang.Object java.lang.invoke.Invokers$Holder.invoke_MT(java.lang.Object, java.lang.Object, java.lang.Object, java.lang.Object, java.lang.Object, java.lang.Object, java.lang.Object, java.lang.Object, java.lang.Object, java.lang.Object)'> (0x0000000712c557d0) 
thrown [s\open\src\hotspot\share\interpreter\linkResolver.cpp, line 774]
Event: 0.939 Thread 0x00000239f7af95b0 Exception <a 'java/lang/NoSuchMethodError'{0x0000000712c5b760}: 'java.lang.Object java.lang.invoke.DirectMethodHandle$Holder.invokeStatic(java.lang.Object, java.lang.Object, int)'> (0x0000000712c5b760) 
thrown [s\open\src\hotspot\share\interpreter\linkResolver.cpp, line 774]
Event: 0.941 Thread 0x00000239f7af95b0 Exception <a 'java/lang/NoSuchMethodError'{0x0000000712c71368}: 'void java.lang.invoke.DelegatingMethodHandle$Holder.delegate(java.lang.Object, java.lang.Object, int, java.lang.Object)'> (0x0000000712c71368) 
thrown [s\open\src\hotspot\share\interpreter\linkResolver.cpp, line 774]
Event: 0.945 Thread 0x00000239f7af95b0 Exception <a 'java/lang/NoSuchMethodError'{0x0000000712c925f0}: 'int java.lang.invoke.DirectMethodHandle$Holder.invokeStaticInit(java.lang.Object, java.lang.Object, java.lang.Object)'> (0x0000000712c925f0) 
thrown [s\open\src\hotspot\share\interpreter\linkResolver.cpp, line 774]
Event: 0.946 Thread 0x00000239f7af95b0 Exception <a 'java/lang/NoSuchMethodError'{0x0000000712c95fb0}: 'int java.lang.invoke.DirectMethodHandle$Holder.invokeStaticInit(java.lang.Object, int, int)'> (0x0000000712c95fb0) 
thrown [s\open\src\hotspot\share\interpreter\linkResolver.cpp, line 774]
Event: 0.947 Thread 0x00000239f7af95b0 Exception <a 'java/lang/NoSuchMethodError'{0x0000000712c9d850}: 'int java.lang.invoke.DirectMethodHandle$Holder.invokeStaticInit(java.lang.Object, long, long)'> (0x0000000712c9d850) 
thrown [s\open\src\hotspot\share\interpreter\linkResolver.cpp, line 774]
Event: 0.947 Thread 0x00000239f7af95b0 Exception <a 'java/lang/NoSuchMethodError'{0x0000000712ca4578}: 'int java.lang.invoke.DirectMethodHandle$Holder.invokeStaticInit(java.lang.Object, float, float)'> (0x0000000712ca4578) 
thrown [s\open\src\hotspot\share\interpreter\linkResolver.cpp, line 774]
Event: 0.948 Thread 0x00000239f7af95b0 Exception <a 'java/lang/NoSuchMethodError'{0x0000000712cab298}: 'int java.lang.invoke.DirectMethodHandle$Holder.invokeStaticInit(java.lang.Object, double, double)'> (0x0000000712cab298) 
thrown [s\open\src\hotspot\share\interpreter\linkResolver.cpp, line 774]
Event: 0.949 Thread 0x00000239f7af95b0 Exception <a 'java/lang/NoSuchMethodError'{0x0000000712cafbc0}: 'int java.lang.invoke.DirectMethodHandle$Holder.invokeStatic(java.lang.Object, long)'> (0x0000000712cafbc0) 
thrown [s\open\src\hotspot\share\interpreter\linkResolver.cpp, line 774]
Event: 0.953 Thread 0x00000239f7af95b0 Exception <a 'java/lang/NoSuchMethodError'{0x0000000712cd2380}: 'int java.lang.invoke.Invokers$Holder.linkToTargetMethod(java.lang.Object, java.lang.Object)'> (0x0000000712cd2380) 
thrown [s\open\src\hotspot\share\interpreter\linkResolver.cpp, line 774]
Event: 0.989 Thread 0x00000239f7af95b0 Exception <a 'java/lang/NoSuchMethodError'{0x0000000712df1bd8}: 'int java.lang.invoke.DirectMethodHandle$Holder.invokeVirtual(java.lang.Object, java.lang.Object, java.lang.Object, java.lang.Object)'> (0x0000000712df1bd8) 
thrown [s\open\src\hotspot\share\interpreter\linkResolver.cpp, line 774]
Event: 0.991 Thread 0x00000239f7af95b0 Exception <a 'java/lang/NoSuchMethodError'{0x0000000712dfbf30}: 'java.lang.Object java.lang.invoke.DirectMethodHandle$Holder.newInvokeSpecial(java.lang.Object, java.lang.Object, int, java.lang.Object)'> (0x0000000712dfbf30) 
thrown [s\open\src\hotspot\share\interpreter\linkResolver.cpp, line 774]
Event: 0.991 Thread 0x00000239f7af95b0 Exception <a 'java/lang/NoSuchMethodError'{0x0000000712a003b0}: 'java.lang.Object java.lang.invoke.DirectMethodHandle$Holder.invokeSpecial(java.lang.Object, java.lang.Object, java.lang.Object, int, java.lang.Object)'> (0x0000000712a003b0) 
thrown [s\open\src\hotspot\share\interpreter\linkResolver.cpp, line 774]
Event: 1.089 Thread 0x00000239f7af95b0 Exception <a 'java/lang/NoSuchMethodError'{0x0000000712bf7ee0}: 'void java.lang.invoke.DirectMethodHandle$Holder.invokeVirtual(java.lang.Object, java.lang.Object)'> (0x0000000712bf7ee0) 
thrown [s\open\src\hotspot\share\interpreter\linkResolver.cpp, line 774]

ZGC Phase Switch (0 events):
No events

VM Operations (20 events):
Event: 0.837 Executing VM operation: HandshakeAllThreads (Deoptimize)
Event: 0.837 Executing VM operation: HandshakeAllThreads (Deoptimize) done
Event: 0.839 Executing VM operation: HandshakeAllThreads (Deoptimize)
Event: 0.839 Executing VM operation: HandshakeAllThreads (Deoptimize) done
Event: 0.896 Executing VM operation: ICBufferFull
Event: 0.896 Executing VM operation: ICBufferFull done
Event: 0.919 Executing VM operation: HandshakeAllThreads (Deoptimize)
Event: 0.919 Executing VM operation: HandshakeAllThreads (Deoptimize) done
Event: 0.926 Executing VM operation: HandshakeAllThreads (Deoptimize)
Event: 0.926 Executing VM operation: HandshakeAllThreads (Deoptimize) done
Event: 0.939 Executing VM operation: HandshakeAllThreads (Deoptimize)
Event: 0.939 Executing VM operation: HandshakeAllThreads (Deoptimize) done
Event: 0.967 Executing VM operation: HandshakeAllThreads (Deoptimize)
Event: 0.967 Executing VM operation: HandshakeAllThreads (Deoptimize) done
Event: 1.016 Executing VM operation: ICBufferFull
Event: 1.016 Executing VM operation: ICBufferFull done
Event: 1.024 Executing VM operation: HandshakeAllThreads (Deoptimize)
Event: 1.024 Executing VM operation: HandshakeAllThreads (Deoptimize) done
Event: 1.025 Executing VM operation: HandshakeAllThreads (Deoptimize)
Event: 1.025 Executing VM operation: HandshakeAllThreads (Deoptimize) done

Events (13 events):
Event: 0.027 Thread 0x00000239f7af95b0 Thread added: 0x00000239f7af95b0
Event: 0.041 Thread 0x0000023996b13020 Thread added: 0x0000023996b13020
Event: 0.041 Thread 0x0000023996b13d40 Thread added: 0x0000023996b13d40
Event: 0.041 Thread 0x0000023996b15c70 Thread added: 0x0000023996b15c70
Event: 0.042 Thread 0x0000023996b20870 Thread added: 0x0000023996b20870
Event: 0.042 Thread 0x0000023996b24070 Thread added: 0x0000023996b24070
Event: 0.042 Thread 0x0000023996b200b0 Thread added: 0x0000023996b200b0
Event: 0.042 Thread 0x0000023996b23050 Thread added: 0x0000023996b23050
Event: 0.042 Thread 0x0000023996b2a000 Thread added: 0x0000023996b2a000
Event: 0.063 Thread 0x0000023996ae0830 Thread added: 0x0000023996ae0830
Event: 0.079 Thread 0x00000239dc1c9970 Thread added: 0x00000239dc1c9970
Event: 0.393 Thread 0x00000239dc6d2880 Thread added: 0x00000239dc6d2880
Event: 0.480 Thread 0x00000239dcb06c20 Thread added: 0x00000239dcb06c20


Dynamic libraries:
0x00007ff718590000 - 0x00007ff7185a0000 	C:\Program Files\Java\jdk-22\bin\java.exe
0x00007ff82ca90000 - 0x00007ff82cca7000 	C:\Windows\SYSTEM32\ntdll.dll
0x00007ff82b630000 - 0x00007ff82b6f4000 	C:\Windows\System32\KERNEL32.DLL
0x00007ff82a0c0000 - 0x00007ff82a467000 	C:\Windows\System32\KERNELBASE.dll
0x00007ff829f20000 - 0x00007ff82a031000 	C:\Windows\System32\ucrtbase.dll
0x00007ff80f270000 - 0x00007ff80f287000 	C:\Program Files\Java\jdk-22\bin\jli.dll
0x00007ff80f140000 - 0x00007ff80f15b000 	C:\Program Files\Java\jdk-22\bin\VCRUNTIME140.dll
0x00007ff82c130000 - 0x00007ff82c1e2000 	C:\Windows\System32\ADVAPI32.dll
0x00007ff82c990000 - 0x00007ff82ca37000 	C:\Windows\System32\msvcrt.dll
0x00007ff82b2b0000 - 0x00007ff82b358000 	C:\Windows\System32\sechost.dll
0x00007ff82a5b0000 - 0x00007ff82a5d8000 	C:\Windows\System32\bcrypt.dll
0x00007ff82b770000 - 0x00007ff82b885000 	C:\Windows\System32\RPCRT4.dll
0x00007ff82ba10000 - 0x00007ff82bbbe000 	C:\Windows\System32\USER32.dll
0x00007ff82a580000 - 0x00007ff82a5a6000 	C:\Windows\System32\win32u.dll
0x00007ff80a7c0000 - 0x00007ff80aa53000 	C:\Windows\WinSxS\amd64_microsoft.windows.common-controls_6595b64144ccf1df_6.0.22621.3527_none_270e469b73872a76\COMCTL32.dll
0x00007ff82b550000 - 0x00007ff82b579000 	C:\Windows\System32\GDI32.dll
0x00007ff82a6a0000 - 0x00007ff82a7b9000 	C:\Windows\System32\gdi32full.dll
0x00007ff82a470000 - 0x00007ff82a50a000 	C:\Windows\System32\msvcp_win.dll
0x00007ff81d3b0000 - 0x00007ff81d3ba000 	C:\Windows\SYSTEM32\VERSION.dll
0x00007ff82c900000 - 0x00007ff82c931000 	C:\Windows\System32\IMM32.DLL
0x00007ff824b40000 - 0x00007ff824b4c000 	C:\Program Files\Java\jdk-22\bin\vcruntime140_1.dll
0x00007fffca320000 - 0x00007fffca3ae000 	C:\Program Files\Java\jdk-22\bin\msvcp140.dll
0x00007fff68590000 - 0x00007fff692d8000 	C:\Program Files\Java\jdk-22\bin\server\jvm.dll
0x00007ff82b060000 - 0x00007ff82b0d1000 	C:\Windows\System32\WS2_32.dll
0x00007ff828bf0000 - 0x00007ff828c3d000 	C:\Windows\SYSTEM32\POWRPROF.dll
0x00007ff81dce0000 - 0x00007ff81dd14000 	C:\Windows\SYSTEM32\WINMM.dll
0x00007ff828bd0000 - 0x00007ff828be3000 	C:\Windows\SYSTEM32\UMPDC.dll
0x00007ff828e80000 - 0x00007ff828e98000 	C:\Windows\SYSTEM32\kernel.appcore.dll
0x00007ff816ce0000 - 0x00007ff816cea000 	C:\Program Files\Java\jdk-22\bin\jimage.dll
0x00007ff8275e0000 - 0x00007ff827812000 	C:\Windows\SYSTEM32\DBGHELP.DLL
0x00007ff82c1f0000 - 0x00007ff82c578000 	C:\Windows\System32\combase.dll
0x00007ff82b360000 - 0x00007ff82b437000 	C:\Windows\System32\OLEAUT32.dll
0x00007ffffdb60000 - 0x00007ffffdb92000 	C:\Windows\SYSTEM32\dbgcore.DLL
0x00007ff82a040000 - 0x00007ff82a0b9000 	C:\Windows\System32\bcryptPrimitives.dll
0x00007ff80e2b0000 - 0x00007ff80e2ce000 	C:\Program Files\Java\jdk-22\bin\java.dll
0x00007ff82a7f0000 - 0x00007ff82b04c000 	C:\Windows\System32\SHELL32.dll
0x00007ff82b0e0000 - 0x00007ff82b285000 	C:\Windows\System32\ole32.dll
0x00007ff827cb0000 - 0x00007ff8285a6000 	C:\Windows\SYSTEM32\windows.storage.dll
0x00007ff827b70000 - 0x00007ff827cae000 	C:\Windows\SYSTEM32\wintypes.dll
0x00007ff82b440000 - 0x00007ff82b535000 	C:\Windows\System32\SHCORE.dll
0x00007ff82c580000 - 0x00007ff82c5de000 	C:\Windows\System32\shlwapi.dll
0x00007ff829ce0000 - 0x00007ff829d01000 	C:\Windows\SYSTEM32\profapi.dll
0x00007fffae400000 - 0x00007fffae4d7000 	C:\Program Files\Java\jdk-22\bin\jsvml.dll
0x00007ff80f360000 - 0x00007ff80f370000 	C:\Program Files\Java\jdk-22\bin\net.dll
0x00007ff8292e0000 - 0x00007ff829349000 	C:\Windows\system32\mswsock.dll
0x00007ff80d280000 - 0x00007ff80d296000 	C:\Program Files\Java\jdk-22\bin\nio.dll
0x00007ff80a2e0000 - 0x00007ff80a2f7000 	C:\Program Files\Java\jdk-22\bin\zip.dll

dbghelp: loaded successfully - version: 4.0.5 - missing functions: none
symbol engine: initialized successfully - sym options: 0x614 - pdb path: .;C:\Program Files\Java\jdk-22\bin;C:\Windows\SYSTEM32;C:\Windows\WinSxS\amd64_microsoft.windows.common-controls_6595b64144ccf1df_6.0.22621.3527_none_270e469b73872a76;C:\Program Files\Java\jdk-22\bin\server

VM Arguments:
jvm_args: --add-modules=ALL-DEFAULT 
java_command: jdk.compiler/com.sun.tools.javac.launcher.SourceLauncher .\ag-tools\src\main\java\riss\resilience\controller\RunAG.java HightLevel
java_class_path (initial): C:\Users\docuser\.gradle\caches\modules-2\files-2.1\org.jgrapht\jgrapht-core\1.5.1\1b9abad9a3d052c6a5d7135cbe63916f5ed11bef\jgrapht-core-1.5.1.jar;C:\Users\docuser\.gradle\caches\modules-2\files-2.1\org.jgrapht\jgrapht-io\1.5.1\ffe3b7b0edc4f22268d15670840a211a7b0d87cd\jgrapht-io-1.5.1.jar;C:\Users\docuser\.gradle\caches\modules-2\files-2.1\org.apache.commons\commons-text\1.8\879a6bde4c0537a25504c72ec7a94ba4099f469c\commons-text-1.8.jar;C:\Users\docuser\.gradle\caches\modules-2\files-2.1\org.antlr\antlr4-runtime\4.8-1\2d0456a791f3a95916c8c23b3bea3a90eea24720\antlr4-runtime-4.8-1.jar;C:\Users\docuser\.gradle\caches\modules-2\files-2.1\org.apache.commons\commons-lang3\3.9\122c7cee69b53ed4a7681c03d4ee4c0e2765da5\commons-lang3-3.9.jar
Launcher Type: SUN_STANDARD

[Global flags]
     intx CICompilerCount                          = 4                                         {product} {ergonomic}
     uint ConcGCThreads                            = 2                                         {product} {ergonomic}
     uint G1ConcRefinementThreads                  = 8                                         {product} {ergonomic}
   size_t G1HeapRegionSize                         = 2097152                                   {product} {ergonomic}
   size_t InitialHeapSize                          = 264241152                                 {product} {ergonomic}
   size_t MarkStackSize                            = 4194304                                   {product} {ergonomic}
   size_t MaxHeapSize                              = 4223664128                                {product} {ergonomic}
   size_t MaxNewSize                               = 2533359616                                {product} {ergonomic}
   size_t MinHeapDeltaBytes                        = 2097152                                   {product} {ergonomic}
   size_t MinHeapSize                              = 8388608                                   {product} {ergonomic}
    uintx NonNMethodCodeHeapSize                   = 5839372                                {pd product} {ergonomic}
    uintx NonProfiledCodeHeapSize                  = 122909434                              {pd product} {ergonomic}
    uintx ProfiledCodeHeapSize                     = 122909434                              {pd product} {ergonomic}
    uintx ReservedCodeCacheSize                    = 251658240                              {pd product} {ergonomic}
     bool SegmentedCodeCache                       = true                                      {product} {ergonomic}
   size_t SoftMaxHeapSize                          = 4223664128                             {manageable} {ergonomic}
     bool UseCompressedOops                        = true                           {product lp64_product} {ergonomic}
     bool UseG1GC                                  = true                                      {product} {ergonomic}
     bool UseLargePagesIndividualAllocation        = false                                  {pd product} {ergonomic}

Logging:
Log output configuration:
 #0: stdout all=warning uptime,level,tags foldmultilines=false
 #1: stderr all=off uptime,level,tags foldmultilines=false

Environment Variables:
PATH=C:\Users\docuser\AppData\Local\Programs\Python\Python312\Scripts\;C:\Users\docuser\AppData\Local\Programs\Python\Python312\;C:\Program Files\Common Files\Oracle\Java\javapath;C:\Windows\system32;C:\Windows;C:\Windows\System32\Wbem;C:\Windows\System32\WindowsPowerShell\v1.0\;C:\Windows\System32\OpenSSH\;C:\Program Files\dotnet\;C:\Program Files\Git\cmd;C:\Program Files\MATLAB\R2024a\bin;C:\Gradle\gradle-8.7\bin;C:\Program Files (x86)\nodejs\;C:\ProgramData\chocolatey\bin;C:\HashiCorp\Vagrant\bin;C:\Program Files\Docker\Docker\resources\bin;C:\Users\docuser\AppData\Local\Microsoft\WindowsApps;C:\Users\docuser\AppData\Local\Programs\Microsoft VS Code\bin;C:\Program Files\Graphviz\bin;C:\Program Files\JetBrains\IntelliJ IDEA 2024.1\bin;;C:\Users\docuser\AppData\Roaming\npm;C:\Users\docuser\AppData\Local\Programs\MiKTeX\miktex\bin\x64\;C:\Program Files\Tesseract-OCR;
USERNAME=docuser
LANG=en_US.UTF-8
OS=Windows_NT
PROCESSOR_IDENTIFIER=Intel64 Family 6 Model 140 Stepping 1, GenuineIntel
TMP=C:\Users\docuser\AppData\Local\Temp
TEMP=C:\Users\docuser\AppData\Local\Temp




Periodic native trim disabled

---------------  S Y S T E M  ---------------

OS:
 Windows 11 , 64 bit Build 22621 (10.0.22621.3527)
OS uptime: 11 days 7:10 hours
Hyper-V role detected

CPU: total 8 (initial active 8) (4 cores per cpu, 2 threads per core) family 6 model 140 stepping 1 microcode 0xb4, cx8, cmov, fxsr, ht, mmx, 3dnowpref, sse, sse2, sse3, ssse3, sse4.1, sse4.2, popcnt, lzcnt, tsc, tscinvbit, avx, avx2, aes, erms, clmul, bmi1, bmi2, adx, avx512f, avx512dq, avx512cd, avx512bw, avx512vl, sha, fma, vzeroupper, avx512_vpopcntdq, avx512_vpclmulqdq, avx512_vaes, avx512_vnni, clflush, clflushopt, clwb, avx512_vbmi2, avx512_vbmi, hv, rdtscp, rdpid, fsrm, gfni, avx512_bitalg, f16c, cet_ibt, cet_ss, avx512_ifma
Processor Information for all 8 processors :
  Max Mhz: 1805, Current Mhz: 1805, Mhz Limit: 1805

Memory: 4k page, system-wide physical 16106M (1169M free)
TotalPageFile size 65258M (AvailPageFile size 30M)
current process WorkingSet (physical memory assigned to process): 135M, peak: 135M
current process commit charge ("private bytes"): 392M, peak: 393M

vm_info: Java HotSpot(TM) 64-Bit Server VM (22+36-2370) for windows-amd64 JRE (22+36-2370), built on 2024-02-15T22:15:19Z by "mach5one" with MS VC++ 17.6 (VS2022)

END.
